[ Epoch1: 594/594  ] loss:0.488 acc:57.031
Train | Loss:0.59215 Acc: 64.099
Valid | Loss:0.45960 Acc: 78.104
saving model with acc 78.104
-----------------------------------------------
[ Epoch2: 594/594  ] loss:0.515 acc:53.906
Train | Loss:0.45507 Acc: 78.978
Valid | Loss:0.43712 Acc: 79.404
saving model with acc 79.404
-----------------------------------------------
[ Epoch3: 594/594  ] loss:0.385 acc:62.891
Train | Loss:0.43417 Acc: 80.228
Valid | Loss:0.41933 Acc: 80.285
saving model with acc 80.285
-----------------------------------------------
[ Epoch4: 594/594  ] loss:0.414 acc:61.719
Train | Loss:0.41958 Acc: 80.967
Valid | Loss:0.40872 Acc: 80.935
saving model with acc 80.935
-----------------------------------------------
[ Epoch5: 594/594  ] loss:0.394 acc:59.766
Train | Loss:0.41055 Acc: 81.529
Valid | Loss:0.40954 Acc: 80.710
-----------------------------------------------
[ Epoch6: 594/594  ] loss:0.402 acc:59.766
Train | Loss:0.40256 Acc: 81.964
Valid | Loss:0.40904 Acc: 80.938
saving model with acc 80.938
-----------------------------------------------
[ Epoch7: 594/594  ] loss:0.390 acc:62.500
Train | Loss:0.39431 Acc: 82.413
Valid | Loss:0.40430 Acc: 81.127
saving model with acc 81.127
-----------------------------------------------
[ Epoch8: 594/594  ] loss:0.381 acc:61.719
Train | Loss:0.38916 Acc: 82.664
Valid | Loss:0.40365 Acc: 81.116
-----------------------------------------------
[ Epoch9: 594/594  ] loss:0.364 acc:64.453
Train | Loss:0.38222 Acc: 82.966
Valid | Loss:0.39789 Acc: 81.481
saving model with acc 81.481
-----------------------------------------------
[ Epoch10: 594/594  ] loss:0.356 acc:62.891
Train | Loss:0.37559 Acc: 83.266
Valid | Loss:0.40527 Acc: 81.559
saving model with acc 81.559
-----------------------------------------------
[ Epoch11: 594/594  ] loss:0.435 acc:61.328
Train | Loss:0.36903 Acc: 83.661
Valid | Loss:0.40313 Acc: 81.496
-----------------------------------------------
[ Epoch12: 594/594  ] loss:0.414 acc:61.719
Train | Loss:0.36329 Acc: 83.998
Valid | Loss:0.40639 Acc: 81.415
-----------------------------------------------
[ Epoch13: 594/594  ] loss:0.347 acc:64.062
Train | Loss:0.35518 Acc: 84.333
Valid | Loss:0.41723 Acc: 81.255
-----------------------------------------------
[ Epoch14: 594/594  ] loss:0.371 acc:62.500
Train | Loss:0.34886 Acc: 84.636
Valid | Loss:0.40722 Acc: 81.394
-----------------------------------------------
[ Epoch15: 594/594  ] loss:0.374 acc:60.938
Train | Loss:0.34223 Acc: 85.007
Valid | Loss:0.42804 Acc: 81.295
-----------------------------------------------
[ Epoch16: 594/594  ] loss:0.381 acc:62.891
Train | Loss:0.33613 Acc: 85.302
Valid | Loss:0.41884 Acc: 81.095
-----------------------------------------------
[ Epoch17: 594/594  ] loss:0.299 acc:63.281
Train | Loss:0.32827 Acc: 85.617
Valid | Loss:0.42770 Acc: 81.316
-----------------------------------------------
[ Epoch18: 594/594  ] loss:0.321 acc:63.672
Train | Loss:0.32152 Acc: 86.034
Valid | Loss:0.44579 Acc: 80.823
-----------------------------------------------
[ Epoch19: 594/594  ] loss:0.306 acc:64.844
Train | Loss:0.31430 Acc: 86.278
Valid | Loss:0.43612 Acc: 80.893
-----------------------------------------------
[ Epoch20: 594/594  ] loss:0.310 acc:64.844
Train | Loss:0.30758 Acc: 86.625
Valid | Loss:0.44726 Acc: 80.692
-----------------------------------------------
[ Epoch21: 594/594  ] loss:0.343 acc:61.719
Train | Loss:0.29942 Acc: 86.844
Valid | Loss:0.45355 Acc: 80.760
-----------------------------------------------
[ Epoch22: 594/594  ] loss:0.255 acc:67.188
Train | Loss:0.29266 Acc: 87.192
Valid | Loss:0.46359 Acc: 80.424
-----------------------------------------------
[ Epoch23: 594/594  ] loss:0.308 acc:65.234
Train | Loss:0.28619 Acc: 87.524
Valid | Loss:0.48370 Acc: 80.319
-----------------------------------------------
[ Epoch24: 594/594  ] loss:0.253 acc:67.188
Train | Loss:0.27784 Acc: 87.871
Valid | Loss:0.49835 Acc: 80.534
-----------------------------------------------
[ Epoch25: 594/594  ] loss:0.345 acc:62.109
Train | Loss:0.27397 Acc: 88.048
Valid | Loss:0.49118 Acc: 79.349
-----------------------------------------------
[ Epoch26: 594/594  ] loss:0.270 acc:65.625
Train | Loss:0.26483 Acc: 88.394
Valid | Loss:0.52146 Acc: 80.445
-----------------------------------------------
[ Epoch27: 594/594  ] loss:0.333 acc:64.062
Train | Loss:0.25809 Acc: 88.698
Valid | Loss:0.57231 Acc: 79.931
-----------------------------------------------
[ Epoch28: 594/594  ] loss:0.200 acc:68.359
Train | Loss:0.25130 Acc: 89.013
Valid | Loss:0.54505 Acc: 79.355
-----------------------------------------------
[ Epoch29: 594/594  ] loss:0.273 acc:67.969
Train | Loss:0.24591 Acc: 89.162
Valid | Loss:0.53760 Acc: 79.895
-----------------------------------------------
[ Epoch30: 594/594  ] loss:0.175 acc:68.359
Train | Loss:0.23979 Acc: 89.510
Valid | Loss:0.59929 Acc: 79.693
-----------------------------------------------
[ Epoch31: 594/594  ] loss:0.213 acc:67.969
Train | Loss:0.23482 Acc: 89.723
Valid | Loss:0.56709 Acc: 79.399
-----------------------------------------------
[ Epoch32: 594/594  ] loss:0.256 acc:66.406
Train | Loss:0.22756 Acc: 89.944
Valid | Loss:0.58728 Acc: 79.402
-----------------------------------------------
[ Epoch33: 594/594  ] loss:0.283 acc:66.797
Train | Loss:0.22281 Acc: 90.234
Valid | Loss:0.61891 Acc: 79.307
-----------------------------------------------
[ Epoch34: 594/594  ] loss:0.215 acc:69.531
Train | Loss:0.21815 Acc: 90.406
Valid | Loss:0.62030 Acc: 79.661
-----------------------------------------------
[ Epoch35: 594/594  ] loss:0.231 acc:67.969
Train | Loss:0.21426 Acc: 90.534
Valid | Loss:0.61071 Acc: 79.003
-----------------------------------------------
[ Epoch36: 594/594  ] loss:0.183 acc:69.141
Train | Loss:0.20771 Acc: 90.869
Valid | Loss:0.66417 Acc: 79.111
-----------------------------------------------
[ Epoch37: 594/594  ] loss:0.224 acc:66.797
Train | Loss:0.20124 Acc: 91.134
Valid | Loss:0.64366 Acc: 78.851
-----------------------------------------------
[ Epoch38: 594/594  ] loss:0.237 acc:65.625
Train | Loss:0.19668 Acc: 91.312
Valid | Loss:0.71648 Acc: 78.652
-----------------------------------------------
[ Epoch39: 594/594  ] loss:0.179 acc:69.922
Train | Loss:0.19120 Acc: 91.528
Valid | Loss:0.71579 Acc: 79.058
-----------------------------------------------
[ Epoch40: 594/594  ] loss:0.248 acc:66.406
Train | Loss:0.18945 Acc: 91.659
Valid | Loss:0.73489 Acc: 78.319
-----------------------------------------------
[ Epoch41: 594/594  ] loss:0.173 acc:71.484
Train | Loss:0.18425 Acc: 91.805
Valid | Loss:0.75853 Acc: 79.444
-----------------------------------------------
[ Epoch42: 594/594  ] loss:0.224 acc:66.797
Train | Loss:0.17860 Acc: 92.096
Valid | Loss:0.75524 Acc: 78.736
-----------------------------------------------
[ Epoch43: 594/594  ] loss:0.130 acc:69.531
Train | Loss:0.17508 Acc: 92.205
Valid | Loss:0.79208 Acc: 78.634
-----------------------------------------------
[ Epoch44: 594/594  ] loss:0.214 acc:68.750
Train | Loss:0.17332 Acc: 92.257
Valid | Loss:0.79112 Acc: 78.458
-----------------------------------------------
[ Epoch45: 594/594  ] loss:0.220 acc:67.969
Train | Loss:0.16841 Acc: 92.541
Valid | Loss:0.79576 Acc: 79.174
-----------------------------------------------
[ Epoch46: 594/594  ] loss:0.231 acc:68.750
Train | Loss:0.16366 Acc: 92.759
Valid | Loss:0.84634 Acc: 78.382
-----------------------------------------------
[ Epoch47: 594/594  ] loss:0.158 acc:71.484
Train | Loss:0.16081 Acc: 92.837
Valid | Loss:0.81032 Acc: 78.946
-----------------------------------------------
[ Epoch48: 594/594  ] loss:0.147 acc:71.094
Train | Loss:0.15708 Acc: 92.982
Valid | Loss:0.85659 Acc: 78.993
-----------------------------------------------
[ Epoch49: 594/594  ] loss:0.176 acc:66.016
Train | Loss:0.15134 Acc: 93.267
Valid | Loss:0.82836 Acc: 78.188
-----------------------------------------------
[ Epoch50: 594/594  ] loss:0.170 acc:69.531
Train | Loss:0.15183 Acc: 93.202
Valid | Loss:0.77704 Acc: 78.209
-----------------------------------------------
[ Epoch51: 594/594  ] loss:0.184 acc:70.312
Train | Loss:0.14795 Acc: 93.405
Valid | Loss:0.78430 Acc: 78.348
-----------------------------------------------
[ Epoch52: 594/594  ] loss:0.191 acc:68.750
Train | Loss:0.14256 Acc: 93.668
Valid | Loss:0.83332 Acc: 78.311
-----------------------------------------------
[ Epoch53: 594/594  ] loss:0.126 acc:70.703
Train | Loss:0.14198 Acc: 93.686
Valid | Loss:0.84200 Acc: 78.652
-----------------------------------------------
[ Epoch54: 594/594  ] loss:0.148 acc:69.141
Train | Loss:0.13848 Acc: 93.830
Valid | Loss:0.89574 Acc: 78.424
-----------------------------------------------
[ Epoch55: 594/594  ] loss:0.161 acc:69.141
Train | Loss:0.13584 Acc: 93.971
Valid | Loss:0.86954 Acc: 78.510
-----------------------------------------------
[ Epoch56: 594/594  ] loss:0.142 acc:71.094
Train | Loss:0.13224 Acc: 94.102
Valid | Loss:0.89516 Acc: 78.028
-----------------------------------------------
[ Epoch57: 594/594  ] loss:0.138 acc:69.531
Train | Loss:0.12985 Acc: 94.260
Valid | Loss:0.92953 Acc: 77.970
-----------------------------------------------
[ Epoch58: 594/594  ] loss:0.092 acc:70.703
Train | Loss:0.12957 Acc: 94.229
Valid | Loss:0.93255 Acc: 78.319
-----------------------------------------------
[ Epoch59: 594/594  ] loss:0.097 acc:71.094
Train | Loss:0.12456 Acc: 94.459
Valid | Loss:0.87889 Acc: 78.185
-----------------------------------------------
[ Epoch60: 594/594  ] loss:0.150 acc:70.312
Train | Loss:0.12274 Acc: 94.558
Valid | Loss:0.92423 Acc: 78.395
-----------------------------------------------
[ Epoch61: 594/594  ] loss:0.103 acc:69.922
Train | Loss:0.12266 Acc: 94.563
Valid | Loss:1.00626 Acc: 78.246
-----------------------------------------------
[ Epoch62: 594/594  ] loss:0.143 acc:71.484
Train | Loss:0.11800 Acc: 94.803
Valid | Loss:0.91207 Acc: 77.763
-----------------------------------------------
[ Epoch63: 594/594  ] loss:0.126 acc:71.484
Train | Loss:0.11644 Acc: 94.861
Valid | Loss:1.01288 Acc: 78.356
-----------------------------------------------
[ Epoch64: 594/594  ] loss:0.136 acc:69.141
Train | Loss:0.11220 Acc: 95.029
Valid | Loss:0.96862 Acc: 77.944
-----------------------------------------------
[ Epoch65: 594/594  ] loss:0.091 acc:71.484
Train | Loss:0.11317 Acc: 94.953
Valid | Loss:1.05224 Acc: 78.214
-----------------------------------------------
[ Epoch66: 594/594  ] loss:0.190 acc:68.359
Train | Loss:0.10847 Acc: 95.204
Valid | Loss:1.01757 Acc: 77.648
-----------------------------------------------
[ Epoch67: 594/594  ] loss:0.156 acc:70.312
Train | Loss:0.11014 Acc: 95.202
Valid | Loss:0.99667 Acc: 77.844
-----------------------------------------------
[ Epoch68: 594/594  ] loss:0.102 acc:71.875
Train | Loss:0.10478 Acc: 95.390
Valid | Loss:1.04835 Acc: 77.847
-----------------------------------------------
[ Epoch69: 594/594  ] loss:0.065 acc:73.047
Train | Loss:0.10566 Acc: 95.305
Valid | Loss:1.03842 Acc: 77.344
-----------------------------------------------
[ Epoch70: 594/594  ] loss:0.145 acc:71.484
Train | Loss:0.10429 Acc: 95.416
Valid | Loss:1.05115 Acc: 77.459
-----------------------------------------------
[ Epoch71: 594/594  ] loss:0.058 acc:73.047
Train | Loss:0.09925 Acc: 95.677
Valid | Loss:1.05983 Acc: 77.873
-----------------------------------------------
[ Epoch72: 594/594  ] loss:0.061 acc:73.047
Train | Loss:0.10122 Acc: 95.606
Valid | Loss:1.00112 Acc: 77.569
-----------------------------------------------
[ Epoch73: 594/594  ] loss:0.135 acc:71.094
Train | Loss:0.09690 Acc: 95.752
Valid | Loss:1.07703 Acc: 77.881
-----------------------------------------------
[ Epoch74: 594/594  ] loss:0.062 acc:73.047
Train | Loss:0.09598 Acc: 95.832
Valid | Loss:1.17981 Acc: 77.546
-----------------------------------------------
[ Epoch75: 594/594  ] loss:0.066 acc:72.656
Train | Loss:0.09490 Acc: 95.948
Valid | Loss:1.10713 Acc: 77.839
-----------------------------------------------
[ Epoch76: 594/594  ] loss:0.121 acc:71.094
Train | Loss:0.09297 Acc: 95.979
Valid | Loss:1.10664 Acc: 77.192
-----------------------------------------------
[ Epoch77: 594/594  ] loss:0.173 acc:69.922
Train | Loss:0.09140 Acc: 96.057
Valid | Loss:1.11210 Acc: 77.727
-----------------------------------------------
[ Epoch78: 594/594  ] loss:0.108 acc:71.094
Train | Loss:0.08802 Acc: 96.216
Valid | Loss:1.16879 Acc: 77.679
-----------------------------------------------
[ Epoch79: 594/594  ] loss:0.122 acc:71.484
Train | Loss:0.08914 Acc: 96.171
Valid | Loss:1.21166 Acc: 77.546
-----------------------------------------------
[ Epoch80: 594/594  ] loss:0.074 acc:72.656
Train | Loss:0.08562 Acc: 96.323
Valid | Loss:1.26405 Acc: 77.234
-----------------------------------------------
[ Epoch81: 594/594  ] loss:0.115 acc:71.484
Train | Loss:0.08326 Acc: 96.437
Valid | Loss:1.10681 Acc: 77.692
-----------------------------------------------
[ Epoch82: 594/594  ] loss:0.065 acc:73.047
Train | Loss:0.08803 Acc: 96.307
Valid | Loss:1.17824 Acc: 77.813
-----------------------------------------------
[ Epoch83: 594/594  ] loss:0.090 acc:71.094
Train | Loss:0.08241 Acc: 96.534
Valid | Loss:1.19523 Acc: 77.134
-----------------------------------------------
[ Epoch84: 594/594  ] loss:0.058 acc:73.047
Train | Loss:0.08098 Acc: 96.571
Valid | Loss:1.30851 Acc: 77.871
-----------------------------------------------
[ Epoch85: 594/594  ] loss:0.071 acc:73.047
Train | Loss:0.07846 Acc: 96.689
Valid | Loss:1.16357 Acc: 77.304
-----------------------------------------------
[ Epoch86: 594/594  ] loss:0.072 acc:72.266
Train | Loss:0.07871 Acc: 96.705
Valid | Loss:1.19716 Acc: 76.966
-----------------------------------------------
[ Epoch87: 594/594  ] loss:0.058 acc:73.047
Train | Loss:0.07869 Acc: 96.698
Valid | Loss:1.15503 Acc: 77.391
-----------------------------------------------
[ Epoch88: 594/594  ] loss:0.099 acc:72.656
Train | Loss:0.07915 Acc: 96.736
Valid | Loss:1.17762 Acc: 77.986
-----------------------------------------------
[ Epoch89: 594/594  ] loss:0.111 acc:71.875
Train | Loss:0.07423 Acc: 96.922
Valid | Loss:1.19534 Acc: 77.850
-----------------------------------------------
[ Epoch90: 594/594  ] loss:0.069 acc:73.047
Train | Loss:0.07376 Acc: 96.936
Valid | Loss:1.21214 Acc: 77.373
-----------------------------------------------
[ Epoch91: 594/594  ] loss:0.115 acc:71.875
Train | Loss:0.07335 Acc: 96.987
Valid | Loss:1.20316 Acc: 77.354
-----------------------------------------------
[ Epoch92: 594/594  ] loss:0.078 acc:72.266
Train | Loss:0.07419 Acc: 96.966
Valid | Loss:1.30562 Acc: 78.044
-----------------------------------------------
[ Epoch93: 594/594  ] loss:0.080 acc:73.438
Train | Loss:0.07266 Acc: 97.003
Valid | Loss:1.25570 Acc: 77.446
-----------------------------------------------
[ Epoch94: 594/594  ] loss:0.036 acc:74.609
Train | Loss:0.07105 Acc: 97.104
Valid | Loss:1.24719 Acc: 77.548
-----------------------------------------------
[ Epoch95: 594/594  ] loss:0.083 acc:72.266
Train | Loss:0.06897 Acc: 97.164
Valid | Loss:1.32840 Acc: 77.399
-----------------------------------------------
[ Epoch96: 594/594  ] loss:0.036 acc:73.438
Train | Loss:0.06766 Acc: 97.258
Valid | Loss:1.33136 Acc: 77.223
-----------------------------------------------
[ Epoch97: 594/594  ] loss:0.086 acc:72.656
Train | Loss:0.06713 Acc: 97.295
Valid | Loss:1.34948 Acc: 77.297
-----------------------------------------------
[ Epoch98: 594/594  ] loss:0.056 acc:73.047
Train | Loss:0.06734 Acc: 97.302
Valid | Loss:1.27894 Acc: 77.134
-----------------------------------------------
[ Epoch99: 594/594  ] loss:0.060 acc:73.438
Train | Loss:0.06525 Acc: 97.360
Valid | Loss:1.36175 Acc: 77.155
-----------------------------------------------
[ Epoch100: 594/594  ] loss:0.114 acc:72.656
Train | Loss:0.06681 Acc: 97.323
Valid | Loss:1.41467 Acc: 76.906
-----------------------------------------------

