start training, parameter total:8411301, trainable:180801

[ Epoch1: 594/594  ] loss:0.502 acc:57.031
Train | Loss:0.67803 Acc: 54.025
Valid | Loss:0.55420 Acc: 72.017
saving model with acc 72.017
-----------------------------------------------
[ Epoch2: 594/594  ] loss:0.498 acc:55.859
Train | Loss:0.51081 Acc: 75.253
Valid | Loss:0.48975 Acc: 75.915
saving model with acc 75.915
-----------------------------------------------
[ Epoch3: 594/594  ] loss:0.469 acc:57.812
Train | Loss:0.47754 Acc: 77.133
Valid | Loss:0.46196 Acc: 77.588
saving model with acc 77.588
-----------------------------------------------
[ Epoch4: 594/594  ] loss:0.483 acc:59.766
Train | Loss:0.46508 Acc: 78.005
Valid | Loss:0.45832 Acc: 77.721
saving model with acc 77.721
-----------------------------------------------
[ Epoch5: 594/594  ] loss:0.413 acc:58.594
Train | Loss:0.45558 Acc: 78.479
Valid | Loss:0.44957 Acc: 78.728
saving model with acc 78.728
-----------------------------------------------
[ Epoch6: 594/594  ] loss:0.454 acc:58.984
Train | Loss:0.44741 Acc: 79.006
Valid | Loss:0.44983 Acc: 78.508
-----------------------------------------------
[ Epoch7: 594/594  ] loss:0.440 acc:57.031
Train | Loss:0.44095 Acc: 79.293
Valid | Loss:0.45308 Acc: 77.965
-----------------------------------------------
[ Epoch8: 594/594  ] loss:0.453 acc:60.547
Train | Loss:0.43482 Acc: 79.637
Valid | Loss:0.43906 Acc: 79.493
saving model with acc 79.493
-----------------------------------------------
[ Epoch9: 594/594  ] loss:0.428 acc:60.547
Train | Loss:0.42855 Acc: 80.045
Valid | Loss:0.43995 Acc: 79.195
-----------------------------------------------
[ Epoch10: 594/594  ] loss:0.410 acc:60.547
Train | Loss:0.42461 Acc: 80.340
Valid | Loss:0.44051 Acc: 79.040
-----------------------------------------------
[ Epoch11: 594/594  ] loss:0.494 acc:58.984
Train | Loss:0.42073 Acc: 80.447
Valid | Loss:0.43401 Acc: 79.496
saving model with acc 79.496
-----------------------------------------------
[ Epoch12: 594/594  ] loss:0.445 acc:60.156
Train | Loss:0.41558 Acc: 80.750
Valid | Loss:0.43318 Acc: 79.528
saving model with acc 79.528
-----------------------------------------------
[ Epoch13: 594/594  ] loss:0.427 acc:62.109
Train | Loss:0.41052 Acc: 81.026
Valid | Loss:0.43009 Acc: 79.766
saving model with acc 79.766
-----------------------------------------------
[ Epoch14: 594/594  ] loss:0.405 acc:62.500
Train | Loss:0.40606 Acc: 81.264
Valid | Loss:0.42929 Acc: 79.832
saving model with acc 79.832
-----------------------------------------------
[ Epoch15: 594/594  ] loss:0.456 acc:58.203
Train | Loss:0.40104 Acc: 81.554
Valid | Loss:0.43539 Acc: 79.507
-----------------------------------------------
[ Epoch16: 594/594  ] loss:0.408 acc:59.375
Train | Loss:0.39606 Acc: 81.833
Valid | Loss:0.43428 Acc: 79.677
-----------------------------------------------
[ Epoch17: 594/594  ] loss:0.308 acc:64.062
Train | Loss:0.39146 Acc: 82.031
Valid | Loss:0.43624 Acc: 79.318
-----------------------------------------------
[ Epoch18: 594/594  ] loss:0.398 acc:61.328
Train | Loss:0.38784 Acc: 82.239
Valid | Loss:0.43641 Acc: 79.871
saving model with acc 79.871
-----------------------------------------------
[ Epoch19: 594/594  ] loss:0.397 acc:61.719
Train | Loss:0.38261 Acc: 82.668
Valid | Loss:0.43783 Acc: 79.383
-----------------------------------------------
[ Epoch20: 594/594  ] loss:0.397 acc:60.938
Train | Loss:0.37815 Acc: 82.830
Valid | Loss:0.44176 Acc: 79.737
-----------------------------------------------
[ Epoch21: 594/594  ] loss:0.335 acc:64.453
Train | Loss:0.37318 Acc: 83.125
Valid | Loss:0.44207 Acc: 79.475
-----------------------------------------------
[ Epoch22: 594/594  ] loss:0.365 acc:62.500
Train | Loss:0.36924 Acc: 83.327
Valid | Loss:0.44143 Acc: 79.229
-----------------------------------------------
[ Epoch23: 594/594  ] loss:0.358 acc:64.453
Train | Loss:0.36415 Acc: 83.576
Valid | Loss:0.44618 Acc: 79.158
-----------------------------------------------
[ Epoch24: 594/594  ] loss:0.384 acc:60.156
Train | Loss:0.35988 Acc: 83.884
Valid | Loss:0.44706 Acc: 78.967
-----------------------------------------------
[ Epoch25: 594/594  ] loss:0.330 acc:64.062
Train | Loss:0.35444 Acc: 84.215
Valid | Loss:0.45550 Acc: 79.171
-----------------------------------------------
[ Epoch26: 594/594  ] loss:0.323 acc:64.453
Train | Loss:0.34992 Acc: 84.408
Valid | Loss:0.46194 Acc: 79.090
-----------------------------------------------
[ Epoch27: 594/594  ] loss:0.315 acc:64.062
Train | Loss:0.34611 Acc: 84.576
Valid | Loss:0.46562 Acc: 78.482
-----------------------------------------------
[ Epoch28: 594/594  ] loss:0.291 acc:65.234
Train | Loss:0.34061 Acc: 84.912
Valid | Loss:0.48130 Acc: 78.982
-----------------------------------------------
[ Epoch29: 594/594  ] loss:0.416 acc:61.328
Train | Loss:0.33543 Acc: 85.090
Valid | Loss:0.46934 Acc: 78.728
-----------------------------------------------
[ Epoch30: 594/594  ] loss:0.305 acc:63.672
Train | Loss:0.33154 Acc: 85.264
Valid | Loss:0.51143 Acc: 78.689
-----------------------------------------------
[ Epoch31: 594/594  ] loss:0.333 acc:64.062
Train | Loss:0.32734 Acc: 85.571
Valid | Loss:0.48852 Acc: 78.521
-----------------------------------------------
[ Epoch32: 594/594  ] loss:0.304 acc:62.891
Train | Loss:0.32177 Acc: 85.778
Valid | Loss:0.48627 Acc: 78.209
-----------------------------------------------
[ Epoch33: 594/594  ] loss:0.309 acc:65.625
Train | Loss:0.31696 Acc: 86.064
Valid | Loss:0.50244 Acc: 78.440
-----------------------------------------------
[ Epoch34: 594/594  ] loss:0.326 acc:63.281
Train | Loss:0.31284 Acc: 86.247
Valid | Loss:0.48415 Acc: 77.900
-----------------------------------------------
[ Epoch35: 594/594  ] loss:0.320 acc:63.672
Train | Loss:0.30907 Acc: 86.472
Valid | Loss:0.52960 Acc: 78.246
-----------------------------------------------
[ Epoch36: 594/594  ] loss:0.304 acc:64.844
Train | Loss:0.30553 Acc: 86.686
Valid | Loss:0.52510 Acc: 78.101
-----------------------------------------------
[ Epoch37: 594/594  ] loss:0.281 acc:67.188
Train | Loss:0.30001 Acc: 86.976
Valid | Loss:0.54846 Acc: 78.091
-----------------------------------------------
[ Epoch38: 594/594  ] loss:0.326 acc:62.891
Train | Loss:0.29620 Acc: 87.115
Valid | Loss:0.54444 Acc: 78.007
-----------------------------------------------
[ Epoch39: 594/594  ] loss:0.280 acc:64.844
Train | Loss:0.29109 Acc: 87.459
Valid | Loss:0.55704 Acc: 77.506
-----------------------------------------------
[ Epoch40: 594/594  ] loss:0.229 acc:68.359
Train | Loss:0.28785 Acc: 87.570
Valid | Loss:0.53213 Acc: 77.624
-----------------------------------------------
[ Epoch41: 594/594  ] loss:0.332 acc:62.500
Train | Loss:0.28314 Acc: 87.805
Valid | Loss:0.53382 Acc: 77.892
-----------------------------------------------
[ Epoch42: 594/594  ] loss:0.290 acc:64.844
Train | Loss:0.27963 Acc: 87.966
Valid | Loss:0.54642 Acc: 77.871
-----------------------------------------------
[ Epoch43: 594/594  ] loss:0.266 acc:65.234
Train | Loss:0.27362 Acc: 88.292
Valid | Loss:0.57091 Acc: 77.370
-----------------------------------------------
[ Epoch44: 594/594  ] loss:0.299 acc:66.016
Train | Loss:0.27156 Acc: 88.357
Valid | Loss:0.58504 Acc: 77.415
-----------------------------------------------
[ Epoch45: 594/594  ] loss:0.348 acc:62.891
Train | Loss:0.26730 Acc: 88.597
Valid | Loss:0.59075 Acc: 77.108
-----------------------------------------------
[ Epoch46: 594/594  ] loss:0.290 acc:65.625
Train | Loss:0.26276 Acc: 88.829
Valid | Loss:0.58826 Acc: 77.569
-----------------------------------------------
[ Epoch47: 594/594  ] loss:0.305 acc:64.453
Train | Loss:0.25912 Acc: 89.024
Valid | Loss:0.58737 Acc: 77.357
-----------------------------------------------
[ Epoch48: 594/594  ] loss:0.313 acc:66.797
Train | Loss:0.25615 Acc: 89.139
Valid | Loss:0.62349 Acc: 77.074
-----------------------------------------------
[ Epoch49: 594/594  ] loss:0.234 acc:67.969
Train | Loss:0.25215 Acc: 89.342
Valid | Loss:0.61930 Acc: 77.197
-----------------------------------------------
[ Epoch50: 594/594  ] loss:0.266 acc:67.578
Train | Loss:0.24884 Acc: 89.560
Valid | Loss:0.63085 Acc: 77.048
-----------------------------------------------
[ Epoch51: 594/594  ] loss:0.339 acc:66.016
Train | Loss:0.24577 Acc: 89.654
Valid | Loss:0.63213 Acc: 77.011
-----------------------------------------------
[ Epoch52: 594/594  ] loss:0.276 acc:64.844
Train | Loss:0.24184 Acc: 89.781
Valid | Loss:0.63526 Acc: 76.990
-----------------------------------------------
[ Epoch53: 594/594  ] loss:0.248 acc:68.750
Train | Loss:0.24022 Acc: 89.919
Valid | Loss:0.62197 Acc: 76.814
-----------------------------------------------
[ Epoch54: 594/594  ] loss:0.250 acc:66.016
Train | Loss:0.23667 Acc: 90.107
Valid | Loss:0.63918 Acc: 76.987
-----------------------------------------------
[ Epoch55: 594/594  ] loss:0.274 acc:66.406
Train | Loss:0.23203 Acc: 90.225
Valid | Loss:0.66901 Acc: 76.819
-----------------------------------------------
[ Epoch56: 594/594  ] loss:0.284 acc:65.625
Train | Loss:0.23027 Acc: 90.356
Valid | Loss:0.68434 Acc: 77.142
-----------------------------------------------
[ Epoch57: 594/594  ] loss:0.264 acc:68.359
Train | Loss:0.22835 Acc: 90.478
Valid | Loss:0.68980 Acc: 76.922
-----------------------------------------------
[ Epoch58: 594/594  ] loss:0.220 acc:67.578
Train | Loss:0.22560 Acc: 90.597
Valid | Loss:0.65763 Acc: 76.463
-----------------------------------------------
[ Epoch59: 594/594  ] loss:0.226 acc:67.969
Train | Loss:0.22122 Acc: 90.814
Valid | Loss:0.71634 Acc: 76.256
-----------------------------------------------
[ Epoch60: 594/594  ] loss:0.170 acc:69.531
Train | Loss:0.21958 Acc: 90.903
Valid | Loss:0.71628 Acc: 76.812
-----------------------------------------------
[ Epoch61: 594/594  ] loss:0.208 acc:67.578
Train | Loss:0.21822 Acc: 90.929
Valid | Loss:0.73542 Acc: 76.445
-----------------------------------------------
[ Epoch62: 594/594  ] loss:0.159 acc:71.484
Train | Loss:0.21367 Acc: 91.196
Valid | Loss:0.68428 Acc: 76.649
-----------------------------------------------
[ Epoch63: 594/594  ] loss:0.208 acc:66.797
Train | Loss:0.21242 Acc: 91.209
Valid | Loss:0.71455 Acc: 76.387
-----------------------------------------------
[ Epoch64: 594/594  ] loss:0.191 acc:68.750
Train | Loss:0.20903 Acc: 91.362
Valid | Loss:0.71423 Acc: 76.340
-----------------------------------------------
[ Epoch65: 594/594  ] loss:0.180 acc:67.188
Train | Loss:0.20470 Acc: 91.569
Valid | Loss:0.78444 Acc: 76.481
-----------------------------------------------
[ Epoch66: 594/594  ] loss:0.169 acc:69.922
Train | Loss:0.20392 Acc: 91.642
Valid | Loss:0.77804 Acc: 76.271
-----------------------------------------------
[ Epoch67: 594/594  ] loss:0.186 acc:69.922
Train | Loss:0.20327 Acc: 91.700
Valid | Loss:0.71246 Acc: 76.248
-----------------------------------------------
[ Epoch68: 594/594  ] loss:0.168 acc:69.531
Train | Loss:0.19956 Acc: 91.838
Valid | Loss:0.75926 Acc: 76.518
-----------------------------------------------
[ Epoch69: 594/594  ] loss:0.141 acc:71.875
Train | Loss:0.19820 Acc: 91.806
Valid | Loss:0.74734 Acc: 76.319
-----------------------------------------------
[ Epoch70: 594/594  ] loss:0.227 acc:69.531
Train | Loss:0.19613 Acc: 91.949
Valid | Loss:0.79014 Acc: 76.300
-----------------------------------------------
[ Epoch71: 594/594  ] loss:0.171 acc:69.922
Train | Loss:0.19155 Acc: 92.151
Valid | Loss:0.80567 Acc: 76.319
-----------------------------------------------
[ Epoch72: 594/594  ] loss:0.223 acc:66.797
Train | Loss:0.19117 Acc: 92.193
Valid | Loss:0.76618 Acc: 76.287
-----------------------------------------------
[ Epoch73: 594/594  ] loss:0.179 acc:69.922
Train | Loss:0.18829 Acc: 92.303
Valid | Loss:0.75755 Acc: 76.182
-----------------------------------------------
[ Epoch74: 594/594  ] loss:0.184 acc:71.094
Train | Loss:0.18554 Acc: 92.452
Valid | Loss:0.75790 Acc: 76.355
-----------------------------------------------
[ Epoch75: 594/594  ] loss:0.183 acc:68.359
Train | Loss:0.18393 Acc: 92.496
Valid | Loss:0.78254 Acc: 76.209
-----------------------------------------------
[ Epoch76: 594/594  ] loss:0.223 acc:66.797
Train | Loss:0.18393 Acc: 92.524
Valid | Loss:0.71927 Acc: 76.256
-----------------------------------------------
[ Epoch77: 594/594  ] loss:0.151 acc:69.531
Train | Loss:0.17831 Acc: 92.769
Valid | Loss:0.88362 Acc: 76.211
-----------------------------------------------
[ Epoch78: 594/594  ] loss:0.235 acc:68.359
Train | Loss:0.18008 Acc: 92.720
Valid | Loss:0.84280 Acc: 76.237
-----------------------------------------------
[ Epoch79: 594/594  ] loss:0.171 acc:69.922
Train | Loss:0.17327 Acc: 92.991
Valid | Loss:0.88442 Acc: 76.070
-----------------------------------------------
[ Epoch80: 594/594  ] loss:0.171 acc:69.922
Train | Loss:0.17479 Acc: 92.897
Valid | Loss:0.81019 Acc: 75.912
-----------------------------------------------
[ Epoch81: 594/594  ] loss:0.270 acc:66.016
Train | Loss:0.17341 Acc: 92.943
Valid | Loss:0.85676 Acc: 75.876
-----------------------------------------------
[ Epoch82: 594/594  ] loss:0.167 acc:70.703
Train | Loss:0.17114 Acc: 93.073
Valid | Loss:0.87231 Acc: 75.870
-----------------------------------------------
[ Epoch83: 594/594  ] loss:0.181 acc:69.531
Train | Loss:0.17053 Acc: 93.081
Valid | Loss:0.89168 Acc: 75.873
-----------------------------------------------
[ Epoch84: 594/594  ] loss:0.185 acc:69.922
Train | Loss:0.16896 Acc: 93.125
Valid | Loss:0.85704 Acc: 75.910
-----------------------------------------------
[ Epoch85: 594/594  ] loss:0.187 acc:69.531
Train | Loss:0.16516 Acc: 93.301
Valid | Loss:0.92580 Acc: 75.640
-----------------------------------------------
[ Epoch86: 594/594  ] loss:0.199 acc:70.312
Train | Loss:0.16354 Acc: 93.372
Valid | Loss:0.89124 Acc: 76.119
-----------------------------------------------
[ Epoch87: 594/594  ] loss:0.211 acc:68.750
Train | Loss:0.16096 Acc: 93.488
Valid | Loss:0.93637 Acc: 76.227
-----------------------------------------------
[ Epoch88: 594/594  ] loss:0.143 acc:69.531
Train | Loss:0.16154 Acc: 93.401
Valid | Loss:0.92434 Acc: 76.112
-----------------------------------------------
[ Epoch89: 594/594  ] loss:0.115 acc:71.484
Train | Loss:0.15736 Acc: 93.565
Valid | Loss:0.92136 Acc: 75.954
-----------------------------------------------
[ Epoch90: 594/594  ] loss:0.156 acc:71.875
Train | Loss:0.15589 Acc: 93.638
Valid | Loss:0.94051 Acc: 75.870
-----------------------------------------------
[ Epoch91: 594/594  ] loss:0.140 acc:71.094
Train | Loss:0.15581 Acc: 93.669
Valid | Loss:0.96084 Acc: 75.925
-----------------------------------------------
[ Epoch92: 594/594  ] loss:0.177 acc:69.922
Train | Loss:0.15335 Acc: 93.817
Valid | Loss:0.88238 Acc: 76.135
-----------------------------------------------
[ Epoch93: 594/594  ] loss:0.171 acc:69.141
Train | Loss:0.14832 Acc: 94.010
Valid | Loss:0.99452 Acc: 76.159
-----------------------------------------------
[ Epoch94: 594/594  ] loss:0.192 acc:68.750
Train | Loss:0.14840 Acc: 93.952
Valid | Loss:0.93128 Acc: 76.091
-----------------------------------------------
[ Epoch95: 594/594  ] loss:0.129 acc:71.875
Train | Loss:0.14842 Acc: 93.952
Valid | Loss:0.96467 Acc: 76.177
-----------------------------------------------
[ Epoch96: 594/594  ] loss:0.102 acc:73.438
Train | Loss:0.14758 Acc: 94.013
Valid | Loss:0.98897 Acc: 75.965
-----------------------------------------------
[ Epoch97: 594/594  ] loss:0.146 acc:70.312
Train | Loss:0.14807 Acc: 93.997
Valid | Loss:1.01742 Acc: 75.566
-----------------------------------------------
[ Epoch98: 594/594  ] loss:0.163 acc:69.141
Train | Loss:0.14378 Acc: 94.154
Valid | Loss:0.96429 Acc: 75.729
-----------------------------------------------
[ Epoch99: 594/594  ] loss:0.172 acc:69.531
Train | Loss:0.14097 Acc: 94.252
Valid | Loss:1.03404 Acc: 75.451
-----------------------------------------------
[ Epoch100: 594/594  ] loss:0.119 acc:71.875
Train | Loss:0.13941 Acc: 94.343
Valid | Loss:0.97497 Acc: 75.532
-----------------------------------------------

