[ Epoch1: 1188/1188  ] loss:0.569 acc:36.719
Train | Loss:0.54195 Acc: 72.024
Valid | Loss:0.49528 Acc: 75.321
saving model with acc 75.321
-----------------------------------------------
[ Epoch2: 1188/1188  ] loss:0.425 acc:42.188
Train | Loss:0.49390 Acc: 75.583
Valid | Loss:0.48762 Acc: 75.684
saving model with acc 75.684
-----------------------------------------------
[ Epoch3: 1188/1188  ] loss:0.426 acc:41.406
Train | Loss:0.47903 Acc: 76.503
Valid | Loss:0.48522 Acc: 76.139
saving model with acc 76.139
-----------------------------------------------
[ Epoch4: 1188/1188  ] loss:0.519 acc:34.375
Train | Loss:0.46487 Acc: 77.499
Valid | Loss:0.46608 Acc: 77.436
saving model with acc 77.436
-----------------------------------------------
[ Epoch5: 1188/1188  ] loss:0.501 acc:36.719
Train | Loss:0.45061 Acc: 78.325
Valid | Loss:0.47457 Acc: 77.354
-----------------------------------------------
[ Epoch6: 1188/1188  ] loss:0.512 acc:39.062
Train | Loss:0.43512 Acc: 79.177
Valid | Loss:0.47083 Acc: 77.220
-----------------------------------------------
[ Epoch7: 1188/1188  ] loss:0.356 acc:39.062
Train | Loss:0.41435 Acc: 80.379
Valid | Loss:0.47872 Acc: 77.383
-----------------------------------------------
[ Epoch8: 1188/1188  ] loss:0.395 acc:39.062
Train | Loss:0.38532 Acc: 81.957
Valid | Loss:0.49781 Acc: 76.944
-----------------------------------------------
[ Epoch9: 1188/1188  ] loss:0.343 acc:40.625
Train | Loss:0.34591 Acc: 84.145
Valid | Loss:0.52497 Acc: 76.128
-----------------------------------------------
[ Epoch10: 1188/1188  ] loss:0.328 acc:43.750
Train | Loss:0.29622 Acc: 86.681
Valid | Loss:0.58775 Acc: 75.713
-----------------------------------------------
[ Epoch11: 1188/1188  ] loss:0.225 acc:46.875
Train | Loss:0.24205 Acc: 89.436
Valid | Loss:0.69921 Acc: 75.153
-----------------------------------------------
[ Epoch12: 1188/1188  ] loss:0.107 acc:47.656
Train | Loss:0.19205 Acc: 91.894
Valid | Loss:0.77794 Acc: 74.269
-----------------------------------------------
[ Epoch13: 1188/1188  ] loss:0.251 acc:45.312
Train | Loss:0.15044 Acc: 93.860
Valid | Loss:0.87345 Acc: 74.595
-----------------------------------------------
[ Epoch14: 1188/1188  ] loss:0.217 acc:46.875
Train | Loss:0.11776 Acc: 95.303
Valid | Loss:1.00026 Acc: 73.966
-----------------------------------------------
[ Epoch15: 1188/1188  ] loss:0.084 acc:47.656
Train | Loss:0.09531 Acc: 96.270
Valid | Loss:1.10078 Acc: 73.732
-----------------------------------------------
[ Epoch16: 1188/1188  ] loss:0.153 acc:47.656
Train | Loss:0.07929 Acc: 96.920
Valid | Loss:1.08794 Acc: 74.363
-----------------------------------------------
[ Epoch17: 1188/1188  ] loss:0.111 acc:47.656
Train | Loss:0.07070 Acc: 97.283
Valid | Loss:1.06280 Acc: 73.843
-----------------------------------------------
[ Epoch18: 1188/1188  ] loss:0.084 acc:47.656
Train | Loss:0.06293 Acc: 97.589
Valid | Loss:1.24857 Acc: 74.300
-----------------------------------------------
[ Epoch19: 1188/1188  ] loss:0.046 acc:49.219
Train | Loss:0.05793 Acc: 97.818
Valid | Loss:1.21107 Acc: 74.027
-----------------------------------------------
[ Epoch20: 1188/1188  ] loss:0.114 acc:49.219
Train | Loss:0.05445 Acc: 97.894
Valid | Loss:1.26347 Acc: 74.245
-----------------------------------------------
[ Epoch21: 1188/1188  ] loss:0.075 acc:48.438
Train | Loss:0.05119 Acc: 98.042
Valid | Loss:1.32051 Acc: 73.561
-----------------------------------------------
[ Epoch22: 1188/1188  ] loss:0.121 acc:47.656
Train | Loss:0.04672 Acc: 98.249
Valid | Loss:1.31861 Acc: 73.690
-----------------------------------------------
[ Epoch23: 1188/1188  ] loss:0.052 acc:49.219
Train | Loss:0.04545 Acc: 98.279
Valid | Loss:1.26934 Acc: 73.430
-----------------------------------------------
[ Epoch24: 1188/1188  ] loss:0.032 acc:49.219
Train | Loss:0.04451 Acc: 98.330
Valid | Loss:1.31061 Acc: 74.079
-----------------------------------------------
[ Epoch25: 1188/1188  ] loss:0.030 acc:50.000
Train | Loss:0.04183 Acc: 98.414
Valid | Loss:1.35173 Acc: 73.680
-----------------------------------------------
[ Epoch26: 1188/1188  ] loss:0.047 acc:48.438
Train | Loss:0.04142 Acc: 98.431
Valid | Loss:1.37831 Acc: 73.808
-----------------------------------------------
[ Epoch27: 1188/1188  ] loss:0.031 acc:49.219
Train | Loss:0.03659 Acc: 98.660
Valid | Loss:1.40514 Acc: 74.135
-----------------------------------------------
[ Epoch28: 1188/1188  ] loss:0.064 acc:49.219
Train | Loss:0.03806 Acc: 98.571
Valid | Loss:1.35468 Acc: 73.958
-----------------------------------------------
[ Epoch29: 1188/1188  ] loss:0.012 acc:50.000
Train | Loss:0.03777 Acc: 98.564
Valid | Loss:1.44972 Acc: 74.058
-----------------------------------------------
[ Epoch30: 1188/1188  ] loss:0.086 acc:47.656
Train | Loss:0.03642 Acc: 98.647
Valid | Loss:1.32057 Acc: 73.958
-----------------------------------------------

